<?xml version="1.0" encoding="UTF-8"?>
<!-- Generated by org.testng.reporters.JUnitReportReporter -->
<testsuite hostname="MJ0AKW9S" failures="0" tests="1" name="com.EOD.testCases.TC_Validate_Securelinks_001" time="7.438" errors="0" timestamp="2021-06-15T23:27:32 CDT" skipped="0">
  <testcase classname="com.EOD.testCases.TC_Validate_Securelinks_001" name="SecureLink_validation" time="7.438"/>
  <system-out/>
</testsuite> <!-- com.EOD.testCases.TC_Validate_Securelinks_001 -->
