<?xml version="1.0" encoding="UTF-8"?>
<!-- Generated by org.testng.reporters.JUnitReportReporter -->
<testsuite hostname="MJ0AKW9S" failures="0" tests="3" name="com.EOD.testCases.TC_LoginTest_001" time="19.252" errors="0" timestamp="2021-06-14T13:16:39 CDT" skipped="0">
  <testcase classname="com.EOD.testCases.TC_LoginTest_001" name="loginTest" time="8.318"/>
  <system-out/>
  <testcase classname="com.EOD.testCases.TC_LoginTest_001" name="loginTest" time="6.051"/>
  <system-out/>
  <testcase classname="com.EOD.testCases.TC_LoginTest_001" name="loginTest" time="4.883"/>
  <system-out/>
</testsuite> <!-- com.EOD.testCases.TC_LoginTest_001 -->
